[2025-08-23 13:26:32] laravel.EMERGENCY: Unable to create configured logger. Using emergency logger. {"exception":"[object] (InvalidArgumentException(code: 0): Log [] is not defined. at H:\\vehicle-renting-system\\vehicle-renting-system-frontend\\backend\\vendor\\laravel\\framework\\src\\Illuminate\\Log\\LogManager.php:212)
[stacktrace]
#0 H:\\vehicle-renting-system\\vehicle-renting-system-frontend\\backend\\vendor\\laravel\\framework\\src\\Illuminate\\Log\\LogManager.php(137): Illuminate\\Log\\LogManager->resolve()
#1 H:\\vehicle-renting-system\\vehicle-renting-system-frontend\\backend\\vendor\\laravel\\framework\\src\\Illuminate\\Log\\LogManager.php(124): Illuminate\\Log\\LogManager->get()
#2 H:\\vehicle-renting-system\\vehicle-renting-system-frontend\\backend\\vendor\\laravel\\framework\\src\\Illuminate\\Log\\LogManager.php(681): Illuminate\\Log\\LogManager->driver()
#3 H:\\vehicle-renting-system\\vehicle-renting-system-frontend\\backend\\vendor\\laravel\\framework\\src\\Illuminate\\Foundation\\Exceptions\\Handler.php(317): Illuminate\\Log\\LogManager->error()
#4 H:\\vehicle-renting-system\\vehicle-renting-system-frontend\\backend\\vendor\\laravel\\framework\\src\\Illuminate\\Foundation\\Exceptions\\Handler.php(278): Illuminate\\Foundation\\Exceptions\\Handler->reportThrowable()
#5 H:\\vehicle-renting-system\\vehicle-renting-system-frontend\\backend\\vendor\\laravel\\framework\\src\\Illuminate\\Foundation\\Console\\Kernel.php(523): Illuminate\\Foundation\\Exceptions\\Handler->report()
#6 H:\\vehicle-renting-system\\vehicle-renting-system-frontend\\backend\\vendor\\laravel\\framework\\src\\Illuminate\\Foundation\\Console\\Kernel.php(203): Illuminate\\Foundation\\Console\\Kernel->reportException()
#7 H:\\vehicle-renting-system\\vehicle-renting-system-frontend\\backend\\artisan(35): Illuminate\\Foundation\\Console\\Kernel->handle()
#8 {main}
"} 
[2025-08-23 13:26:32] laravel.ERROR: Unable to load the "app" configuration file. {"exception":"[object] (Exception(code: 0): Unable to load the \"app\" configuration file. at H:\\vehicle-renting-system\\vehicle-renting-system-frontend\\backend\\vendor\\laravel\\framework\\src\\Illuminate\\Foundation\\Bootstrap\\LoadConfiguration.php:66)
[stacktrace]
#0 H:\\vehicle-renting-system\\vehicle-renting-system-frontend\\backend\\vendor\\laravel\\framework\\src\\Illuminate\\Foundation\\Bootstrap\\LoadConfiguration.php(39): Illuminate\\Foundation\\Bootstrap\\LoadConfiguration->loadConfigurationFiles()
#1 H:\\vehicle-renting-system\\vehicle-renting-system-frontend\\backend\\vendor\\laravel\\framework\\src\\Illuminate\\Foundation\\Application.php(286): Illuminate\\Foundation\\Bootstrap\\LoadConfiguration->bootstrap()
#2 H:\\vehicle-renting-system\\vehicle-renting-system-frontend\\backend\\vendor\\laravel\\framework\\src\\Illuminate\\Foundation\\Console\\Kernel.php(447): Illuminate\\Foundation\\Application->bootstrapWith()
#3 H:\\vehicle-renting-system\\vehicle-renting-system-frontend\\backend\\vendor\\laravel\\framework\\src\\Illuminate\\Foundation\\Console\\Kernel.php(199): Illuminate\\Foundation\\Console\\Kernel->bootstrap()
#4 H:\\vehicle-renting-system\\vehicle-renting-system-frontend\\backend\\artisan(35): Illuminate\\Foundation\\Console\\Kernel->handle()
#5 {main}
"} 
[2025-08-23 13:28:37] laravel.EMERGENCY: Unable to create configured logger. Using emergency logger. {"exception":"[object] (InvalidArgumentException(code: 0): Log [] is not defined. at H:\\vehicle-renting-system\\vehicle-renting-system-frontend\\backend\\vendor\\laravel\\framework\\src\\Illuminate\\Log\\LogManager.php:212)
[stacktrace]
#0 H:\\vehicle-renting-system\\vehicle-renting-system-frontend\\backend\\vendor\\laravel\\framework\\src\\Illuminate\\Log\\LogManager.php(137): Illuminate\\Log\\LogManager->resolve()
#1 H:\\vehicle-renting-system\\vehicle-renting-system-frontend\\backend\\vendor\\laravel\\framework\\src\\Illuminate\\Log\\LogManager.php(124): Illuminate\\Log\\LogManager->get()
#2 H:\\vehicle-renting-system\\vehicle-renting-system-frontend\\backend\\vendor\\laravel\\framework\\src\\Illuminate\\Log\\LogManager.php(681): Illuminate\\Log\\LogManager->driver()
#3 H:\\vehicle-renting-system\\vehicle-renting-system-frontend\\backend\\vendor\\laravel\\framework\\src\\Illuminate\\Foundation\\Exceptions\\Handler.php(317): Illuminate\\Log\\LogManager->error()
#4 H:\\vehicle-renting-system\\vehicle-renting-system-frontend\\backend\\vendor\\laravel\\framework\\src\\Illuminate\\Foundation\\Exceptions\\Handler.php(278): Illuminate\\Foundation\\Exceptions\\Handler->reportThrowable()
#5 H:\\vehicle-renting-system\\vehicle-renting-system-frontend\\backend\\vendor\\laravel\\framework\\src\\Illuminate\\Foundation\\Console\\Kernel.php(523): Illuminate\\Foundation\\Exceptions\\Handler->report()
#6 H:\\vehicle-renting-system\\vehicle-renting-system-frontend\\backend\\vendor\\laravel\\framework\\src\\Illuminate\\Foundation\\Console\\Kernel.php(203): Illuminate\\Foundation\\Console\\Kernel->reportException()
#7 H:\\vehicle-renting-system\\vehicle-renting-system-frontend\\backend\\artisan(35): Illuminate\\Foundation\\Console\\Kernel->handle()
#8 {main}
"} 
[2025-08-23 13:28:37] laravel.ERROR: Unable to load the "app" configuration file. {"exception":"[object] (Exception(code: 0): Unable to load the \"app\" configuration file. at H:\\vehicle-renting-system\\vehicle-renting-system-frontend\\backend\\vendor\\laravel\\framework\\src\\Illuminate\\Foundation\\Bootstrap\\LoadConfiguration.php:66)
[stacktrace]
#0 H:\\vehicle-renting-system\\vehicle-renting-system-frontend\\backend\\vendor\\laravel\\framework\\src\\Illuminate\\Foundation\\Bootstrap\\LoadConfiguration.php(39): Illuminate\\Foundation\\Bootstrap\\LoadConfiguration->loadConfigurationFiles()
#1 H:\\vehicle-renting-system\\vehicle-renting-system-frontend\\backend\\vendor\\laravel\\framework\\src\\Illuminate\\Foundation\\Application.php(286): Illuminate\\Foundation\\Bootstrap\\LoadConfiguration->bootstrap()
#2 H:\\vehicle-renting-system\\vehicle-renting-system-frontend\\backend\\vendor\\laravel\\framework\\src\\Illuminate\\Foundation\\Console\\Kernel.php(447): Illuminate\\Foundation\\Application->bootstrapWith()
#3 H:\\vehicle-renting-system\\vehicle-renting-system-frontend\\backend\\vendor\\laravel\\framework\\src\\Illuminate\\Foundation\\Console\\Kernel.php(199): Illuminate\\Foundation\\Console\\Kernel->bootstrap()
#4 H:\\vehicle-renting-system\\vehicle-renting-system-frontend\\backend\\artisan(35): Illuminate\\Foundation\\Console\\Kernel->handle()
#5 {main}
"} 
[2025-08-23 13:29:31] laravel.EMERGENCY: Unable to create configured logger. Using emergency logger. {"exception":"[object] (InvalidArgumentException(code: 0): Log [] is not defined. at H:\\vehicle-renting-system\\vehicle-renting-system-frontend\\backend\\vendor\\laravel\\framework\\src\\Illuminate\\Log\\LogManager.php:212)
[stacktrace]
#0 H:\\vehicle-renting-system\\vehicle-renting-system-frontend\\backend\\vendor\\laravel\\framework\\src\\Illuminate\\Log\\LogManager.php(137): Illuminate\\Log\\LogManager->resolve()
#1 H:\\vehicle-renting-system\\vehicle-renting-system-frontend\\backend\\vendor\\laravel\\framework\\src\\Illuminate\\Log\\LogManager.php(124): Illuminate\\Log\\LogManager->get()
#2 H:\\vehicle-renting-system\\vehicle-renting-system-frontend\\backend\\vendor\\laravel\\framework\\src\\Illuminate\\Log\\LogManager.php(681): Illuminate\\Log\\LogManager->driver()
#3 H:\\vehicle-renting-system\\vehicle-renting-system-frontend\\backend\\vendor\\laravel\\framework\\src\\Illuminate\\Foundation\\Exceptions\\Handler.php(317): Illuminate\\Log\\LogManager->error()
#4 H:\\vehicle-renting-system\\vehicle-renting-system-frontend\\backend\\vendor\\laravel\\framework\\src\\Illuminate\\Foundation\\Exceptions\\Handler.php(278): Illuminate\\Foundation\\Exceptions\\Handler->reportThrowable()
#5 H:\\vehicle-renting-system\\vehicle-renting-system-frontend\\backend\\vendor\\laravel\\framework\\src\\Illuminate\\Foundation\\Console\\Kernel.php(523): Illuminate\\Foundation\\Exceptions\\Handler->report()
#6 H:\\vehicle-renting-system\\vehicle-renting-system-frontend\\backend\\vendor\\laravel\\framework\\src\\Illuminate\\Foundation\\Console\\Kernel.php(203): Illuminate\\Foundation\\Console\\Kernel->reportException()
#7 H:\\vehicle-renting-system\\vehicle-renting-system-frontend\\backend\\artisan(35): Illuminate\\Foundation\\Console\\Kernel->handle()
#8 {main}
"} 
[2025-08-23 13:29:31] laravel.ERROR: The H:\vehicle-renting-system\vehicle-renting-system-frontend\backend\bootstrap\cache directory must be present and writable. {"exception":"[object] (Exception(code: 0): The H:\\vehicle-renting-system\\vehicle-renting-system-frontend\\backend\\bootstrap\\cache directory must be present and writable. at H:\\vehicle-renting-system\\vehicle-renting-system-frontend\\backend\\vendor\\laravel\\framework\\src\\Illuminate\\Foundation\\PackageManifest.php:178)
[stacktrace]
#0 H:\\vehicle-renting-system\\vehicle-renting-system-frontend\\backend\\vendor\\laravel\\framework\\src\\Illuminate\\Foundation\\PackageManifest.php(131): Illuminate\\Foundation\\PackageManifest->write()
#1 H:\\vehicle-renting-system\\vehicle-renting-system-frontend\\backend\\vendor\\laravel\\framework\\src\\Illuminate\\Foundation\\PackageManifest.php(107): Illuminate\\Foundation\\PackageManifest->build()
#2 H:\\vehicle-renting-system\\vehicle-renting-system-frontend\\backend\\vendor\\laravel\\framework\\src\\Illuminate\\Foundation\\PackageManifest.php(90): Illuminate\\Foundation\\PackageManifest->getManifest()
#3 H:\\vehicle-renting-system\\vehicle-renting-system-frontend\\backend\\vendor\\laravel\\framework\\src\\Illuminate\\Foundation\\PackageManifest.php(79): Illuminate\\Foundation\\PackageManifest->config()
#4 H:\\vehicle-renting-system\\vehicle-renting-system-frontend\\backend\\vendor\\laravel\\framework\\src\\Illuminate\\Foundation\\Bootstrap\\RegisterFacades.php(26): Illuminate\\Foundation\\PackageManifest->aliases()
#5 H:\\vehicle-renting-system\\vehicle-renting-system-frontend\\backend\\vendor\\laravel\\framework\\src\\Illuminate\\Foundation\\Application.php(286): Illuminate\\Foundation\\Bootstrap\\RegisterFacades->bootstrap()
#6 H:\\vehicle-renting-system\\vehicle-renting-system-frontend\\backend\\vendor\\laravel\\framework\\src\\Illuminate\\Foundation\\Console\\Kernel.php(447): Illuminate\\Foundation\\Application->bootstrapWith()
#7 H:\\vehicle-renting-system\\vehicle-renting-system-frontend\\backend\\vendor\\laravel\\framework\\src\\Illuminate\\Foundation\\Console\\Kernel.php(199): Illuminate\\Foundation\\Console\\Kernel->bootstrap()
#8 H:\\vehicle-renting-system\\vehicle-renting-system-frontend\\backend\\artisan(35): Illuminate\\Foundation\\Console\\Kernel->handle()
#9 {main}
"} 
[2025-08-23 13:29:42] laravel.EMERGENCY: Unable to create configured logger. Using emergency logger. {"exception":"[object] (InvalidArgumentException(code: 0): Log [] is not defined. at H:\\vehicle-renting-system\\vehicle-renting-system-frontend\\backend\\vendor\\laravel\\framework\\src\\Illuminate\\Log\\LogManager.php:212)
[stacktrace]
#0 H:\\vehicle-renting-system\\vehicle-renting-system-frontend\\backend\\vendor\\laravel\\framework\\src\\Illuminate\\Log\\LogManager.php(137): Illuminate\\Log\\LogManager->resolve()
#1 H:\\vehicle-renting-system\\vehicle-renting-system-frontend\\backend\\vendor\\laravel\\framework\\src\\Illuminate\\Log\\LogManager.php(124): Illuminate\\Log\\LogManager->get()
#2 H:\\vehicle-renting-system\\vehicle-renting-system-frontend\\backend\\vendor\\laravel\\framework\\src\\Illuminate\\Log\\LogManager.php(681): Illuminate\\Log\\LogManager->driver()
#3 H:\\vehicle-renting-system\\vehicle-renting-system-frontend\\backend\\vendor\\laravel\\framework\\src\\Illuminate\\Foundation\\Exceptions\\Handler.php(317): Illuminate\\Log\\LogManager->error()
#4 H:\\vehicle-renting-system\\vehicle-renting-system-frontend\\backend\\vendor\\laravel\\framework\\src\\Illuminate\\Foundation\\Exceptions\\Handler.php(278): Illuminate\\Foundation\\Exceptions\\Handler->reportThrowable()
#5 H:\\vehicle-renting-system\\vehicle-renting-system-frontend\\backend\\vendor\\laravel\\framework\\src\\Illuminate\\Foundation\\Console\\Kernel.php(523): Illuminate\\Foundation\\Exceptions\\Handler->report()
#6 H:\\vehicle-renting-system\\vehicle-renting-system-frontend\\backend\\vendor\\laravel\\framework\\src\\Illuminate\\Foundation\\Console\\Kernel.php(203): Illuminate\\Foundation\\Console\\Kernel->reportException()
#7 H:\\vehicle-renting-system\\vehicle-renting-system-frontend\\backend\\artisan(35): Illuminate\\Foundation\\Console\\Kernel->handle()
#8 {main}
"} 
[2025-08-23 13:29:42] laravel.ERROR: Class "App\Providers\AuthServiceProvider" not found {"exception":"[object] (Error(code: 0): Class \"App\\Providers\\AuthServiceProvider\" not found at H:\\vehicle-renting-system\\vehicle-renting-system-frontend\\backend\\vendor\\laravel\\framework\\src\\Illuminate\\Foundation\\ProviderRepository.php:206)
[stacktrace]
#0 H:\\vehicle-renting-system\\vehicle-renting-system-frontend\\backend\\vendor\\laravel\\framework\\src\\Illuminate\\Foundation\\ProviderRepository.php(142): Illuminate\\Foundation\\ProviderRepository->createProvider()
#1 H:\\vehicle-renting-system\\vehicle-renting-system-frontend\\backend\\vendor\\laravel\\framework\\src\\Illuminate\\Foundation\\ProviderRepository.php(61): Illuminate\\Foundation\\ProviderRepository->compileManifest()
#2 H:\\vehicle-renting-system\\vehicle-renting-system-frontend\\backend\\vendor\\laravel\\framework\\src\\Illuminate\\Foundation\\Application.php(794): Illuminate\\Foundation\\ProviderRepository->load()
#3 H:\\vehicle-renting-system\\vehicle-renting-system-frontend\\backend\\vendor\\laravel\\framework\\src\\Illuminate\\Foundation\\Bootstrap\\RegisterProviders.php(17): Illuminate\\Foundation\\Application->registerConfiguredProviders()
#4 H:\\vehicle-renting-system\\vehicle-renting-system-frontend\\backend\\vendor\\laravel\\framework\\src\\Illuminate\\Foundation\\Application.php(286): Illuminate\\Foundation\\Bootstrap\\RegisterProviders->bootstrap()
#5 H:\\vehicle-renting-system\\vehicle-renting-system-frontend\\backend\\vendor\\laravel\\framework\\src\\Illuminate\\Foundation\\Console\\Kernel.php(447): Illuminate\\Foundation\\Application->bootstrapWith()
#6 H:\\vehicle-renting-system\\vehicle-renting-system-frontend\\backend\\vendor\\laravel\\framework\\src\\Illuminate\\Foundation\\Console\\Kernel.php(199): Illuminate\\Foundation\\Console\\Kernel->bootstrap()
#7 H:\\vehicle-renting-system\\vehicle-renting-system-frontend\\backend\\artisan(35): Illuminate\\Foundation\\Console\\Kernel->handle()
#8 {main}
"} 
[2025-08-23 14:00:13] laravel.EMERGENCY: Unable to create configured logger. Using emergency logger. {"exception":"[object] (InvalidArgumentException(code: 0): Log [] is not defined. at H:\\vehicle-renting-system\\vehicle-renting-system-frontend\\backend\\vendor\\laravel\\framework\\src\\Illuminate\\Log\\LogManager.php:212)
[stacktrace]
#0 H:\\vehicle-renting-system\\vehicle-renting-system-frontend\\backend\\vendor\\laravel\\framework\\src\\Illuminate\\Log\\LogManager.php(137): Illuminate\\Log\\LogManager->resolve()
#1 H:\\vehicle-renting-system\\vehicle-renting-system-frontend\\backend\\vendor\\laravel\\framework\\src\\Illuminate\\Log\\LogManager.php(124): Illuminate\\Log\\LogManager->get()
#2 H:\\vehicle-renting-system\\vehicle-renting-system-frontend\\backend\\vendor\\laravel\\framework\\src\\Illuminate\\Log\\LogManager.php(681): Illuminate\\Log\\LogManager->driver()
#3 H:\\vehicle-renting-system\\vehicle-renting-system-frontend\\backend\\vendor\\laravel\\framework\\src\\Illuminate\\Foundation\\Exceptions\\Handler.php(317): Illuminate\\Log\\LogManager->error()
#4 H:\\vehicle-renting-system\\vehicle-renting-system-frontend\\backend\\vendor\\laravel\\framework\\src\\Illuminate\\Foundation\\Exceptions\\Handler.php(278): Illuminate\\Foundation\\Exceptions\\Handler->reportThrowable()
#5 H:\\vehicle-renting-system\\vehicle-renting-system-frontend\\backend\\vendor\\laravel\\framework\\src\\Illuminate\\Foundation\\Console\\Kernel.php(523): Illuminate\\Foundation\\Exceptions\\Handler->report()
#6 H:\\vehicle-renting-system\\vehicle-renting-system-frontend\\backend\\vendor\\laravel\\framework\\src\\Illuminate\\Foundation\\Console\\Kernel.php(203): Illuminate\\Foundation\\Console\\Kernel->reportException()
#7 H:\\vehicle-renting-system\\vehicle-renting-system-frontend\\backend\\public\\index.php(35): Illuminate\\Foundation\\Console\\Kernel->handle()
#8 H:\\vehicle-renting-system\\vehicle-renting-system-frontend\\backend\\vendor\\laravel\\framework\\src\\Illuminate\\Foundation\\resources\\server.php(16): require_once('...')
#9 {main}
"} 
[2025-08-23 14:00:13] laravel.ERROR: Class "Str" not found {"exception":"[object] (Error(code: 0): Class \"Str\" not found at H:\\vehicle-renting-system\\vehicle-renting-system-frontend\\backend\\config\\database.php:111)
[stacktrace]
#0 H:\\vehicle-renting-system\\vehicle-renting-system-frontend\\backend\\vendor\\laravel\\framework\\src\\Illuminate\\Foundation\\Bootstrap\\LoadConfiguration.php(70): require()
#1 H:\\vehicle-renting-system\\vehicle-renting-system-frontend\\backend\\vendor\\laravel\\framework\\src\\Illuminate\\Foundation\\Bootstrap\\LoadConfiguration.php(39): Illuminate\\Foundation\\Bootstrap\\LoadConfiguration->loadConfigurationFiles()
#2 H:\\vehicle-renting-system\\vehicle-renting-system-frontend\\backend\\vendor\\laravel\\framework\\src\\Illuminate\\Foundation\\Application.php(286): Illuminate\\Foundation\\Bootstrap\\LoadConfiguration->bootstrap()
#3 H:\\vehicle-renting-system\\vehicle-renting-system-frontend\\backend\\vendor\\laravel\\framework\\src\\Illuminate\\Foundation\\Console\\Kernel.php(447): Illuminate\\Foundation\\Application->bootstrapWith()
#4 H:\\vehicle-renting-system\\vehicle-renting-system-frontend\\backend\\vendor\\laravel\\framework\\src\\Illuminate\\Foundation\\Console\\Kernel.php(199): Illuminate\\Foundation\\Console\\Kernel->bootstrap()
#5 H:\\vehicle-renting-system\\vehicle-renting-system-frontend\\backend\\public\\index.php(35): Illuminate\\Foundation\\Console\\Kernel->handle()
#6 H:\\vehicle-renting-system\\vehicle-renting-system-frontend\\backend\\vendor\\laravel\\framework\\src\\Illuminate\\Foundation\\resources\\server.php(16): require_once('...')
#7 {main}
"} 
[2025-08-23 14:01:36] laravel.EMERGENCY: Unable to create configured logger. Using emergency logger. {"exception":"[object] (InvalidArgumentException(code: 0): Log [] is not defined. at H:\\vehicle-renting-system\\vehicle-renting-system-frontend\\backend\\vendor\\laravel\\framework\\src\\Illuminate\\Log\\LogManager.php:212)
[stacktrace]
#0 H:\\vehicle-renting-system\\vehicle-renting-system-frontend\\backend\\vendor\\laravel\\framework\\src\\Illuminate\\Log\\LogManager.php(137): Illuminate\\Log\\LogManager->resolve()
#1 H:\\vehicle-renting-system\\vehicle-renting-system-frontend\\backend\\vendor\\laravel\\framework\\src\\Illuminate\\Log\\LogManager.php(124): Illuminate\\Log\\LogManager->get()
#2 H:\\vehicle-renting-system\\vehicle-renting-system-frontend\\backend\\vendor\\laravel\\framework\\src\\Illuminate\\Log\\LogManager.php(681): Illuminate\\Log\\LogManager->driver()
#3 H:\\vehicle-renting-system\\vehicle-renting-system-frontend\\backend\\vendor\\laravel\\framework\\src\\Illuminate\\Foundation\\Exceptions\\Handler.php(317): Illuminate\\Log\\LogManager->error()
#4 H:\\vehicle-renting-system\\vehicle-renting-system-frontend\\backend\\vendor\\laravel\\framework\\src\\Illuminate\\Foundation\\Exceptions\\Handler.php(278): Illuminate\\Foundation\\Exceptions\\Handler->reportThrowable()
#5 H:\\vehicle-renting-system\\vehicle-renting-system-frontend\\backend\\vendor\\laravel\\framework\\src\\Illuminate\\Foundation\\Console\\Kernel.php(523): Illuminate\\Foundation\\Exceptions\\Handler->report()
#6 H:\\vehicle-renting-system\\vehicle-renting-system-frontend\\backend\\vendor\\laravel\\framework\\src\\Illuminate\\Foundation\\Console\\Kernel.php(203): Illuminate\\Foundation\\Console\\Kernel->reportException()
#7 H:\\vehicle-renting-system\\vehicle-renting-system-frontend\\backend\\artisan(35): Illuminate\\Foundation\\Console\\Kernel->handle()
#8 {main}
"} 
[2025-08-23 14:01:36] laravel.ERROR: Class "Str" not found {"exception":"[object] (Error(code: 0): Class \"Str\" not found at H:\\vehicle-renting-system\\vehicle-renting-system-frontend\\backend\\config\\database.php:111)
[stacktrace]
#0 H:\\vehicle-renting-system\\vehicle-renting-system-frontend\\backend\\vendor\\laravel\\framework\\src\\Illuminate\\Foundation\\Bootstrap\\LoadConfiguration.php(70): require()
#1 H:\\vehicle-renting-system\\vehicle-renting-system-frontend\\backend\\vendor\\laravel\\framework\\src\\Illuminate\\Foundation\\Bootstrap\\LoadConfiguration.php(39): Illuminate\\Foundation\\Bootstrap\\LoadConfiguration->loadConfigurationFiles()
#2 H:\\vehicle-renting-system\\vehicle-renting-system-frontend\\backend\\vendor\\laravel\\framework\\src\\Illuminate\\Foundation\\Application.php(286): Illuminate\\Foundation\\Bootstrap\\LoadConfiguration->bootstrap()
#3 H:\\vehicle-renting-system\\vehicle-renting-system-frontend\\backend\\vendor\\laravel\\framework\\src\\Illuminate\\Foundation\\Console\\Kernel.php(447): Illuminate\\Foundation\\Application->bootstrapWith()
#4 H:\\vehicle-renting-system\\vehicle-renting-system-frontend\\backend\\vendor\\laravel\\framework\\src\\Illuminate\\Foundation\\Console\\Kernel.php(199): Illuminate\\Foundation\\Console\\Kernel->bootstrap()
#5 H:\\vehicle-renting-system\\vehicle-renting-system-frontend\\backend\\artisan(35): Illuminate\\Foundation\\Console\\Kernel->handle()
#6 {main}
"} 
[2025-08-23 14:01:46] laravel.EMERGENCY: Unable to create configured logger. Using emergency logger. {"exception":"[object] (InvalidArgumentException(code: 0): Log [] is not defined. at H:\\vehicle-renting-system\\vehicle-renting-system-frontend\\backend\\vendor\\laravel\\framework\\src\\Illuminate\\Log\\LogManager.php:212)
[stacktrace]
#0 H:\\vehicle-renting-system\\vehicle-renting-system-frontend\\backend\\vendor\\laravel\\framework\\src\\Illuminate\\Log\\LogManager.php(137): Illuminate\\Log\\LogManager->resolve()
#1 H:\\vehicle-renting-system\\vehicle-renting-system-frontend\\backend\\vendor\\laravel\\framework\\src\\Illuminate\\Log\\LogManager.php(124): Illuminate\\Log\\LogManager->get()
#2 H:\\vehicle-renting-system\\vehicle-renting-system-frontend\\backend\\vendor\\laravel\\framework\\src\\Illuminate\\Log\\LogManager.php(681): Illuminate\\Log\\LogManager->driver()
#3 H:\\vehicle-renting-system\\vehicle-renting-system-frontend\\backend\\vendor\\laravel\\framework\\src\\Illuminate\\Foundation\\Exceptions\\Handler.php(317): Illuminate\\Log\\LogManager->error()
#4 H:\\vehicle-renting-system\\vehicle-renting-system-frontend\\backend\\vendor\\laravel\\framework\\src\\Illuminate\\Foundation\\Exceptions\\Handler.php(278): Illuminate\\Foundation\\Exceptions\\Handler->reportThrowable()
#5 H:\\vehicle-renting-system\\vehicle-renting-system-frontend\\backend\\vendor\\laravel\\framework\\src\\Illuminate\\Foundation\\Console\\Kernel.php(523): Illuminate\\Foundation\\Exceptions\\Handler->report()
#6 H:\\vehicle-renting-system\\vehicle-renting-system-frontend\\backend\\vendor\\laravel\\framework\\src\\Illuminate\\Foundation\\Console\\Kernel.php(203): Illuminate\\Foundation\\Console\\Kernel->reportException()
#7 H:\\vehicle-renting-system\\vehicle-renting-system-frontend\\backend\\artisan(35): Illuminate\\Foundation\\Console\\Kernel->handle()
#8 {main}
"} 
[2025-08-23 14:01:46] laravel.ERROR: SQLSTATE[HY000] [1045] Access denied for user 'root'@'localhost' (using password: NO) (Connection: mysql, SQL: select table_name as `name`, (data_length + index_length) as `size`, table_comment as `comment`, engine as `engine`, table_collation as `collation` from information_schema.tables where table_schema = 'vehicle_renting_system' and table_type in ('BASE TABLE', 'SYSTEM VERSIONED') order by table_name) {"exception":"[object] (Illuminate\\Database\\QueryException(code: 1045): SQLSTATE[HY000] [1045] Access denied for user 'root'@'localhost' (using password: NO) (Connection: mysql, SQL: select table_name as `name`, (data_length + index_length) as `size`, table_comment as `comment`, engine as `engine`, table_collation as `collation` from information_schema.tables where table_schema = 'vehicle_renting_system' and table_type in ('BASE TABLE', 'SYSTEM VERSIONED') order by table_name) at H:\\vehicle-renting-system\\vehicle-renting-system-frontend\\backend\\vendor\\laravel\\framework\\src\\Illuminate\\Database\\Connection.php:829)
[stacktrace]
#0 H:\\vehicle-renting-system\\vehicle-renting-system-frontend\\backend\\vendor\\laravel\\framework\\src\\Illuminate\\Database\\Connection.php(783): Illuminate\\Database\\Connection->runQueryCallback()
#1 H:\\vehicle-renting-system\\vehicle-renting-system-frontend\\backend\\vendor\\laravel\\framework\\src\\Illuminate\\Database\\Connection.php(414): Illuminate\\Database\\Connection->run()
#2 H:\\vehicle-renting-system\\vehicle-renting-system-frontend\\backend\\vendor\\laravel\\framework\\src\\Illuminate\\Database\\Connection.php(401): Illuminate\\Database\\Connection->select()
#3 H:\\vehicle-renting-system\\vehicle-renting-system-frontend\\backend\\vendor\\laravel\\framework\\src\\Illuminate\\Database\\Schema\\MySqlBuilder.php(41): Illuminate\\Database\\Connection->selectFromWriteConnection()
#4 H:\\vehicle-renting-system\\vehicle-renting-system-frontend\\backend\\vendor\\laravel\\framework\\src\\Illuminate\\Database\\Schema\\Builder.php(165): Illuminate\\Database\\Schema\\MySqlBuilder->getTables()
#5 H:\\vehicle-renting-system\\vehicle-renting-system-frontend\\backend\\vendor\\laravel\\framework\\src\\Illuminate\\Database\\Migrations\\DatabaseMigrationRepository.php(184): Illuminate\\Database\\Schema\\Builder->hasTable()
#6 H:\\vehicle-renting-system\\vehicle-renting-system-frontend\\backend\\vendor\\laravel\\framework\\src\\Illuminate\\Database\\Migrations\\Migrator.php(727): Illuminate\\Database\\Migrations\\DatabaseMigrationRepository->repositoryExists()
#7 H:\\vehicle-renting-system\\vehicle-renting-system-frontend\\backend\\vendor\\laravel\\framework\\src\\Illuminate\\Database\\Console\\Migrations\\StatusCommand.php(53): Illuminate\\Database\\Migrations\\Migrator->repositoryExists()
#8 H:\\vehicle-renting-system\\vehicle-renting-system-frontend\\backend\\vendor\\laravel\\framework\\src\\Illuminate\\Database\\Migrations\\Migrator.php(641): Illuminate\\Database\\Console\\Migrations\\StatusCommand->Illuminate\\Database\\Console\\Migrations\\{closure}()
#9 H:\\vehicle-renting-system\\vehicle-renting-system-frontend\\backend\\vendor\\laravel\\framework\\src\\Illuminate\\Database\\Console\\Migrations\\StatusCommand.php(52): Illuminate\\Database\\Migrations\\Migrator->usingConnection()
#10 H:\\vehicle-renting-system\\vehicle-renting-system-frontend\\backend\\vendor\\laravel\\framework\\src\\Illuminate\\Container\\BoundMethod.php(36): Illuminate\\Database\\Console\\Migrations\\StatusCommand->handle()
#11 H:\\vehicle-renting-system\\vehicle-renting-system-frontend\\backend\\vendor\\laravel\\framework\\src\\Illuminate\\Container\\Util.php(41): Illuminate\\Container\\BoundMethod::Illuminate\\Container\\{closure}()
#12 H:\\vehicle-renting-system\\vehicle-renting-system-frontend\\backend\\vendor\\laravel\\framework\\src\\Illuminate\\Container\\BoundMethod.php(93): Illuminate\\Container\\Util::unwrapIfClosure()
#13 H:\\vehicle-renting-system\\vehicle-renting-system-frontend\\backend\\vendor\\laravel\\framework\\src\\Illuminate\\Container\\BoundMethod.php(35): Illuminate\\Container\\BoundMethod::callBoundMethod()
#14 H:\\vehicle-renting-system\\vehicle-renting-system-frontend\\backend\\vendor\\laravel\\framework\\src\\Illuminate\\Container\\Container.php(662): Illuminate\\Container\\BoundMethod::call()
#15 H:\\vehicle-renting-system\\vehicle-renting-system-frontend\\backend\\vendor\\laravel\\framework\\src\\Illuminate\\Console\\Command.php(211): Illuminate\\Container\\Container->call()
#16 H:\\vehicle-renting-system\\vehicle-renting-system-frontend\\backend\\vendor\\symfony\\console\\Command\\Command.php(326): Illuminate\\Console\\Command->execute()
#17 H:\\vehicle-renting-system\\vehicle-renting-system-frontend\\backend\\vendor\\laravel\\framework\\src\\Illuminate\\Console\\Command.php(180): Symfony\\Component\\Console\\Command\\Command->run()
#18 H:\\vehicle-renting-system\\vehicle-renting-system-frontend\\backend\\vendor\\symfony\\console\\Application.php(1096): Illuminate\\Console\\Command->run()
#19 H:\\vehicle-renting-system\\vehicle-renting-system-frontend\\backend\\vendor\\symfony\\console\\Application.php(324): Symfony\\Component\\Console\\Application->doRunCommand()
#20 H:\\vehicle-renting-system\\vehicle-renting-system-frontend\\backend\\vendor\\symfony\\console\\Application.php(175): Symfony\\Component\\Console\\Application->doRun()
#21 H:\\vehicle-renting-system\\vehicle-renting-system-frontend\\backend\\vendor\\laravel\\framework\\src\\Illuminate\\Foundation\\Console\\Kernel.php(201): Symfony\\Component\\Console\\Application->run()
#22 H:\\vehicle-renting-system\\vehicle-renting-system-frontend\\backend\\artisan(35): Illuminate\\Foundation\\Console\\Kernel->handle()
#23 {main}

[previous exception] [object] (PDOException(code: 1045): SQLSTATE[HY000] [1045] Access denied for user 'root'@'localhost' (using password: NO) at H:\\vehicle-renting-system\\vehicle-renting-system-frontend\\backend\\vendor\\laravel\\framework\\src\\Illuminate\\Database\\Connectors\\Connector.php:65)
[stacktrace]
#0 H:\\vehicle-renting-system\\vehicle-renting-system-frontend\\backend\\vendor\\laravel\\framework\\src\\Illuminate\\Database\\Connectors\\Connector.php(65): PDO->__construct()
#1 H:\\vehicle-renting-system\\vehicle-renting-system-frontend\\backend\\vendor\\laravel\\framework\\src\\Illuminate\\Database\\Connectors\\Connector.php(44): Illuminate\\Database\\Connectors\\Connector->createPdoConnection()
#2 H:\\vehicle-renting-system\\vehicle-renting-system-frontend\\backend\\vendor\\laravel\\framework\\src\\Illuminate\\Database\\Connectors\\MySqlConnector.php(24): Illuminate\\Database\\Connectors\\Connector->createConnection()
#3 H:\\vehicle-renting-system\\vehicle-renting-system-frontend\\backend\\vendor\\laravel\\framework\\src\\Illuminate\\Database\\Connectors\\ConnectionFactory.php(184): Illuminate\\Database\\Connectors\\MySqlConnector->connect()
#4 [internal function]: Illuminate\\Database\\Connectors\\ConnectionFactory->Illuminate\\Database\\Connectors\\{closure}()
#5 H:\\vehicle-renting-system\\vehicle-renting-system-frontend\\backend\\vendor\\laravel\\framework\\src\\Illuminate\\Database\\Connection.php(1339): call_user_func()
#6 H:\\vehicle-renting-system\\vehicle-renting-system-frontend\\backend\\vendor\\laravel\\framework\\src\\Illuminate\\Database\\Connection.php(528): Illuminate\\Database\\Connection->getPdo()
#7 H:\\vehicle-renting-system\\vehicle-renting-system-frontend\\backend\\vendor\\laravel\\framework\\src\\Illuminate\\Database\\Connection.php(423): Illuminate\\Database\\Connection->getPdoForSelect()
#8 H:\\vehicle-renting-system\\vehicle-renting-system-frontend\\backend\\vendor\\laravel\\framework\\src\\Illuminate\\Database\\Connection.php(816): Illuminate\\Database\\Connection->Illuminate\\Database\\{closure}()
#9 H:\\vehicle-renting-system\\vehicle-renting-system-frontend\\backend\\vendor\\laravel\\framework\\src\\Illuminate\\Database\\Connection.php(783): Illuminate\\Database\\Connection->runQueryCallback()
#10 H:\\vehicle-renting-system\\vehicle-renting-system-frontend\\backend\\vendor\\laravel\\framework\\src\\Illuminate\\Database\\Connection.php(414): Illuminate\\Database\\Connection->run()
#11 H:\\vehicle-renting-system\\vehicle-renting-system-frontend\\backend\\vendor\\laravel\\framework\\src\\Illuminate\\Database\\Connection.php(401): Illuminate\\Database\\Connection->select()
#12 H:\\vehicle-renting-system\\vehicle-renting-system-frontend\\backend\\vendor\\laravel\\framework\\src\\Illuminate\\Database\\Schema\\MySqlBuilder.php(41): Illuminate\\Database\\Connection->selectFromWriteConnection()
#13 H:\\vehicle-renting-system\\vehicle-renting-system-frontend\\backend\\vendor\\laravel\\framework\\src\\Illuminate\\Database\\Schema\\Builder.php(165): Illuminate\\Database\\Schema\\MySqlBuilder->getTables()
#14 H:\\vehicle-renting-system\\vehicle-renting-system-frontend\\backend\\vendor\\laravel\\framework\\src\\Illuminate\\Database\\Migrations\\DatabaseMigrationRepository.php(184): Illuminate\\Database\\Schema\\Builder->hasTable()
#15 H:\\vehicle-renting-system\\vehicle-renting-system-frontend\\backend\\vendor\\laravel\\framework\\src\\Illuminate\\Database\\Migrations\\Migrator.php(727): Illuminate\\Database\\Migrations\\DatabaseMigrationRepository->repositoryExists()
#16 H:\\vehicle-renting-system\\vehicle-renting-system-frontend\\backend\\vendor\\laravel\\framework\\src\\Illuminate\\Database\\Console\\Migrations\\StatusCommand.php(53): Illuminate\\Database\\Migrations\\Migrator->repositoryExists()
#17 H:\\vehicle-renting-system\\vehicle-renting-system-frontend\\backend\\vendor\\laravel\\framework\\src\\Illuminate\\Database\\Migrations\\Migrator.php(641): Illuminate\\Database\\Console\\Migrations\\StatusCommand->Illuminate\\Database\\Console\\Migrations\\{closure}()
#18 H:\\vehicle-renting-system\\vehicle-renting-system-frontend\\backend\\vendor\\laravel\\framework\\src\\Illuminate\\Database\\Console\\Migrations\\StatusCommand.php(52): Illuminate\\Database\\Migrations\\Migrator->usingConnection()
#19 H:\\vehicle-renting-system\\vehicle-renting-system-frontend\\backend\\vendor\\laravel\\framework\\src\\Illuminate\\Container\\BoundMethod.php(36): Illuminate\\Database\\Console\\Migrations\\StatusCommand->handle()
#20 H:\\vehicle-renting-system\\vehicle-renting-system-frontend\\backend\\vendor\\laravel\\framework\\src\\Illuminate\\Container\\Util.php(41): Illuminate\\Container\\BoundMethod::Illuminate\\Container\\{closure}()
#21 H:\\vehicle-renting-system\\vehicle-renting-system-frontend\\backend\\vendor\\laravel\\framework\\src\\Illuminate\\Container\\BoundMethod.php(93): Illuminate\\Container\\Util::unwrapIfClosure()
#22 H:\\vehicle-renting-system\\vehicle-renting-system-frontend\\backend\\vendor\\laravel\\framework\\src\\Illuminate\\Container\\BoundMethod.php(35): Illuminate\\Container\\BoundMethod::callBoundMethod()
#23 H:\\vehicle-renting-system\\vehicle-renting-system-frontend\\backend\\vendor\\laravel\\framework\\src\\Illuminate\\Container\\Container.php(662): Illuminate\\Container\\BoundMethod::call()
#24 H:\\vehicle-renting-system\\vehicle-renting-system-frontend\\backend\\vendor\\laravel\\framework\\src\\Illuminate\\Console\\Command.php(211): Illuminate\\Container\\Container->call()
#25 H:\\vehicle-renting-system\\vehicle-renting-system-frontend\\backend\\vendor\\symfony\\console\\Command\\Command.php(326): Illuminate\\Console\\Command->execute()
#26 H:\\vehicle-renting-system\\vehicle-renting-system-frontend\\backend\\vendor\\laravel\\framework\\src\\Illuminate\\Console\\Command.php(180): Symfony\\Component\\Console\\Command\\Command->run()
#27 H:\\vehicle-renting-system\\vehicle-renting-system-frontend\\backend\\vendor\\symfony\\console\\Application.php(1096): Illuminate\\Console\\Command->run()
#28 H:\\vehicle-renting-system\\vehicle-renting-system-frontend\\backend\\vendor\\symfony\\console\\Application.php(324): Symfony\\Component\\Console\\Application->doRunCommand()
#29 H:\\vehicle-renting-system\\vehicle-renting-system-frontend\\backend\\vendor\\symfony\\console\\Application.php(175): Symfony\\Component\\Console\\Application->doRun()
#30 H:\\vehicle-renting-system\\vehicle-renting-system-frontend\\backend\\vendor\\laravel\\framework\\src\\Illuminate\\Foundation\\Console\\Kernel.php(201): Symfony\\Component\\Console\\Application->run()
#31 H:\\vehicle-renting-system\\vehicle-renting-system-frontend\\backend\\artisan(35): Illuminate\\Foundation\\Console\\Kernel->handle()
#32 {main}
"} 
[2025-08-23 14:02:29] laravel.EMERGENCY: Unable to create configured logger. Using emergency logger. {"exception":"[object] (InvalidArgumentException(code: 0): Log [] is not defined. at H:\\vehicle-renting-system\\vehicle-renting-system-frontend\\backend\\vendor\\laravel\\framework\\src\\Illuminate\\Log\\LogManager.php:212)
[stacktrace]
#0 H:\\vehicle-renting-system\\vehicle-renting-system-frontend\\backend\\vendor\\laravel\\framework\\src\\Illuminate\\Log\\LogManager.php(137): Illuminate\\Log\\LogManager->resolve()
#1 H:\\vehicle-renting-system\\vehicle-renting-system-frontend\\backend\\vendor\\laravel\\framework\\src\\Illuminate\\Log\\LogManager.php(124): Illuminate\\Log\\LogManager->get()
#2 H:\\vehicle-renting-system\\vehicle-renting-system-frontend\\backend\\vendor\\laravel\\framework\\src\\Illuminate\\Log\\LogManager.php(681): Illuminate\\Log\\LogManager->driver()
#3 H:\\vehicle-renting-system\\vehicle-renting-system-frontend\\backend\\vendor\\laravel\\framework\\src\\Illuminate\\Foundation\\Exceptions\\Handler.php(317): Illuminate\\Log\\LogManager->error()
#4 H:\\vehicle-renting-system\\vehicle-renting-system-frontend\\backend\\vendor\\laravel\\framework\\src\\Illuminate\\Foundation\\Exceptions\\Handler.php(278): Illuminate\\Foundation\\Exceptions\\Handler->reportThrowable()
#5 H:\\vehicle-renting-system\\vehicle-renting-system-frontend\\backend\\vendor\\laravel\\framework\\src\\Illuminate\\Foundation\\Console\\Kernel.php(523): Illuminate\\Foundation\\Exceptions\\Handler->report()
#6 H:\\vehicle-renting-system\\vehicle-renting-system-frontend\\backend\\vendor\\laravel\\framework\\src\\Illuminate\\Foundation\\Console\\Kernel.php(203): Illuminate\\Foundation\\Console\\Kernel->reportException()
#7 H:\\vehicle-renting-system\\vehicle-renting-system-frontend\\backend\\artisan(35): Illuminate\\Foundation\\Console\\Kernel->handle()
#8 {main}
"} 
[2025-08-23 14:02:29] laravel.ERROR: could not find driver (Connection: sqlite, SQL: PRAGMA foreign_keys = ON;) {"exception":"[object] (Illuminate\\Database\\QueryException(code: 0): could not find driver (Connection: sqlite, SQL: PRAGMA foreign_keys = ON;) at H:\\vehicle-renting-system\\vehicle-renting-system-frontend\\backend\\vendor\\laravel\\framework\\src\\Illuminate\\Database\\Connection.php:829)
[stacktrace]
#0 H:\\vehicle-renting-system\\vehicle-renting-system-frontend\\backend\\vendor\\laravel\\framework\\src\\Illuminate\\Database\\Connection.php(783): Illuminate\\Database\\Connection->runQueryCallback()
#1 H:\\vehicle-renting-system\\vehicle-renting-system-frontend\\backend\\vendor\\laravel\\framework\\src\\Illuminate\\Database\\Connection.php(576): Illuminate\\Database\\Connection->run()
#2 H:\\vehicle-renting-system\\vehicle-renting-system-frontend\\backend\\vendor\\laravel\\framework\\src\\Illuminate\\Database\\Schema\\Builder.php(560): Illuminate\\Database\\Connection->statement()
#3 H:\\vehicle-renting-system\\vehicle-renting-system-frontend\\backend\\vendor\\laravel\\framework\\src\\Illuminate\\Database\\SQLiteConnection.php(36): Illuminate\\Database\\Schema\\Builder->enableForeignKeyConstraints()
#4 H:\\vehicle-renting-system\\vehicle-renting-system-frontend\\backend\\vendor\\laravel\\framework\\src\\Illuminate\\Database\\Connectors\\ConnectionFactory.php(272): Illuminate\\Database\\SQLiteConnection->__construct()
#5 H:\\vehicle-renting-system\\vehicle-renting-system-frontend\\backend\\vendor\\laravel\\framework\\src\\Illuminate\\Database\\Connectors\\ConnectionFactory.php(75): Illuminate\\Database\\Connectors\\ConnectionFactory->createConnection()
#6 H:\\vehicle-renting-system\\vehicle-renting-system-frontend\\backend\\vendor\\laravel\\framework\\src\\Illuminate\\Database\\Connectors\\ConnectionFactory.php(50): Illuminate\\Database\\Connectors\\ConnectionFactory->createSingleConnection()
#7 H:\\vehicle-renting-system\\vehicle-renting-system-frontend\\backend\\vendor\\laravel\\framework\\src\\Illuminate\\Database\\DatabaseManager.php(175): Illuminate\\Database\\Connectors\\ConnectionFactory->make()
#8 H:\\vehicle-renting-system\\vehicle-renting-system-frontend\\backend\\vendor\\laravel\\framework\\src\\Illuminate\\Database\\DatabaseManager.php(101): Illuminate\\Database\\DatabaseManager->makeConnection()
#9 H:\\vehicle-renting-system\\vehicle-renting-system-frontend\\backend\\vendor\\laravel\\framework\\src\\Illuminate\\Database\\Migrations\\DatabaseMigrationRepository.php(226): Illuminate\\Database\\DatabaseManager->connection()
#10 H:\\vehicle-renting-system\\vehicle-renting-system-frontend\\backend\\vendor\\laravel\\framework\\src\\Illuminate\\Database\\Migrations\\DatabaseMigrationRepository.php(182): Illuminate\\Database\\Migrations\\DatabaseMigrationRepository->getConnection()
#11 H:\\vehicle-renting-system\\vehicle-renting-system-frontend\\backend\\vendor\\laravel\\framework\\src\\Illuminate\\Database\\Migrations\\Migrator.php(727): Illuminate\\Database\\Migrations\\DatabaseMigrationRepository->repositoryExists()
#12 H:\\vehicle-renting-system\\vehicle-renting-system-frontend\\backend\\vendor\\laravel\\framework\\src\\Illuminate\\Database\\Console\\Migrations\\MigrateCommand.php(140): Illuminate\\Database\\Migrations\\Migrator->repositoryExists()
#13 H:\\vehicle-renting-system\\vehicle-renting-system-frontend\\backend\\vendor\\laravel\\framework\\src\\Illuminate\\Support\\helpers.php(261): Illuminate\\Database\\Console\\Migrations\\MigrateCommand->Illuminate\\Database\\Console\\Migrations\\{closure}()
#14 H:\\vehicle-renting-system\\vehicle-renting-system-frontend\\backend\\vendor\\laravel\\framework\\src\\Illuminate\\Database\\Console\\Migrations\\MigrateCommand.php(140): retry()
#15 H:\\vehicle-renting-system\\vehicle-renting-system-frontend\\backend\\vendor\\laravel\\framework\\src\\Illuminate\\Database\\Console\\Migrations\\MigrateCommand.php(116): Illuminate\\Database\\Console\\Migrations\\MigrateCommand->repositoryExists()
#16 H:\\vehicle-renting-system\\vehicle-renting-system-frontend\\backend\\vendor\\laravel\\framework\\src\\Illuminate\\Database\\Console\\Migrations\\MigrateCommand.php(84): Illuminate\\Database\\Console\\Migrations\\MigrateCommand->prepareDatabase()
#17 H:\\vehicle-renting-system\\vehicle-renting-system-frontend\\backend\\vendor\\laravel\\framework\\src\\Illuminate\\Database\\Migrations\\Migrator.php(641): Illuminate\\Database\\Console\\Migrations\\MigrateCommand->Illuminate\\Database\\Console\\Migrations\\{closure}()
#18 H:\\vehicle-renting-system\\vehicle-renting-system-frontend\\backend\\vendor\\laravel\\framework\\src\\Illuminate\\Database\\Console\\Migrations\\MigrateCommand.php(83): Illuminate\\Database\\Migrations\\Migrator->usingConnection()
#19 H:\\vehicle-renting-system\\vehicle-renting-system-frontend\\backend\\vendor\\laravel\\framework\\src\\Illuminate\\Container\\BoundMethod.php(36): Illuminate\\Database\\Console\\Migrations\\MigrateCommand->handle()
#20 H:\\vehicle-renting-system\\vehicle-renting-system-frontend\\backend\\vendor\\laravel\\framework\\src\\Illuminate\\Container\\Util.php(41): Illuminate\\Container\\BoundMethod::Illuminate\\Container\\{closure}()
#21 H:\\vehicle-renting-system\\vehicle-renting-system-frontend\\backend\\vendor\\laravel\\framework\\src\\Illuminate\\Container\\BoundMethod.php(93): Illuminate\\Container\\Util::unwrapIfClosure()
#22 H:\\vehicle-renting-system\\vehicle-renting-system-frontend\\backend\\vendor\\laravel\\framework\\src\\Illuminate\\Container\\BoundMethod.php(35): Illuminate\\Container\\BoundMethod::callBoundMethod()
#23 H:\\vehicle-renting-system\\vehicle-renting-system-frontend\\backend\\vendor\\laravel\\framework\\src\\Illuminate\\Container\\Container.php(662): Illuminate\\Container\\BoundMethod::call()
#24 H:\\vehicle-renting-system\\vehicle-renting-system-frontend\\backend\\vendor\\laravel\\framework\\src\\Illuminate\\Console\\Command.php(211): Illuminate\\Container\\Container->call()
#25 H:\\vehicle-renting-system\\vehicle-renting-system-frontend\\backend\\vendor\\symfony\\console\\Command\\Command.php(326): Illuminate\\Console\\Command->execute()
#26 H:\\vehicle-renting-system\\vehicle-renting-system-frontend\\backend\\vendor\\laravel\\framework\\src\\Illuminate\\Console\\Command.php(180): Symfony\\Component\\Console\\Command\\Command->run()
#27 H:\\vehicle-renting-system\\vehicle-renting-system-frontend\\backend\\vendor\\symfony\\console\\Application.php(1096): Illuminate\\Console\\Command->run()
#28 H:\\vehicle-renting-system\\vehicle-renting-system-frontend\\backend\\vendor\\symfony\\console\\Application.php(324): Symfony\\Component\\Console\\Application->doRunCommand()
#29 H:\\vehicle-renting-system\\vehicle-renting-system-frontend\\backend\\vendor\\symfony\\console\\Application.php(175): Symfony\\Component\\Console\\Application->doRun()
#30 H:\\vehicle-renting-system\\vehicle-renting-system-frontend\\backend\\vendor\\laravel\\framework\\src\\Illuminate\\Foundation\\Console\\Kernel.php(201): Symfony\\Component\\Console\\Application->run()
#31 H:\\vehicle-renting-system\\vehicle-renting-system-frontend\\backend\\artisan(35): Illuminate\\Foundation\\Console\\Kernel->handle()
#32 {main}

[previous exception] [object] (PDOException(code: 0): could not find driver at H:\\vehicle-renting-system\\vehicle-renting-system-frontend\\backend\\vendor\\laravel\\framework\\src\\Illuminate\\Database\\Connectors\\Connector.php:65)
[stacktrace]
#0 H:\\vehicle-renting-system\\vehicle-renting-system-frontend\\backend\\vendor\\laravel\\framework\\src\\Illuminate\\Database\\Connectors\\Connector.php(65): PDO->__construct()
#1 H:\\vehicle-renting-system\\vehicle-renting-system-frontend\\backend\\vendor\\laravel\\framework\\src\\Illuminate\\Database\\Connectors\\Connector.php(44): Illuminate\\Database\\Connectors\\Connector->createPdoConnection()
#2 H:\\vehicle-renting-system\\vehicle-renting-system-frontend\\backend\\vendor\\laravel\\framework\\src\\Illuminate\\Database\\Connectors\\SQLiteConnector.php(37): Illuminate\\Database\\Connectors\\Connector->createConnection()
#3 H:\\vehicle-renting-system\\vehicle-renting-system-frontend\\backend\\vendor\\laravel\\framework\\src\\Illuminate\\Database\\Connectors\\ConnectionFactory.php(221): Illuminate\\Database\\Connectors\\SQLiteConnector->connect()
#4 [internal function]: Illuminate\\Database\\Connectors\\ConnectionFactory->Illuminate\\Database\\Connectors\\{closure}()
#5 H:\\vehicle-renting-system\\vehicle-renting-system-frontend\\backend\\vendor\\laravel\\framework\\src\\Illuminate\\Database\\Connection.php(1339): call_user_func()
#6 H:\\vehicle-renting-system\\vehicle-renting-system-frontend\\backend\\vendor\\laravel\\framework\\src\\Illuminate\\Database\\Connection.php(581): Illuminate\\Database\\Connection->getPdo()
#7 H:\\vehicle-renting-system\\vehicle-renting-system-frontend\\backend\\vendor\\laravel\\framework\\src\\Illuminate\\Database\\Connection.php(816): Illuminate\\Database\\Connection->Illuminate\\Database\\{closure}()
#8 H:\\vehicle-renting-system\\vehicle-renting-system-frontend\\backend\\vendor\\laravel\\framework\\src\\Illuminate\\Database\\Connection.php(783): Illuminate\\Database\\Connection->runQueryCallback()
#9 H:\\vehicle-renting-system\\vehicle-renting-system-frontend\\backend\\vendor\\laravel\\framework\\src\\Illuminate\\Database\\Connection.php(576): Illuminate\\Database\\Connection->run()
#10 H:\\vehicle-renting-system\\vehicle-renting-system-frontend\\backend\\vendor\\laravel\\framework\\src\\Illuminate\\Database\\Schema\\Builder.php(560): Illuminate\\Database\\Connection->statement()
#11 H:\\vehicle-renting-system\\vehicle-renting-system-frontend\\backend\\vendor\\laravel\\framework\\src\\Illuminate\\Database\\SQLiteConnection.php(36): Illuminate\\Database\\Schema\\Builder->enableForeignKeyConstraints()
#12 H:\\vehicle-renting-system\\vehicle-renting-system-frontend\\backend\\vendor\\laravel\\framework\\src\\Illuminate\\Database\\Connectors\\ConnectionFactory.php(272): Illuminate\\Database\\SQLiteConnection->__construct()
#13 H:\\vehicle-renting-system\\vehicle-renting-system-frontend\\backend\\vendor\\laravel\\framework\\src\\Illuminate\\Database\\Connectors\\ConnectionFactory.php(75): Illuminate\\Database\\Connectors\\ConnectionFactory->createConnection()
#14 H:\\vehicle-renting-system\\vehicle-renting-system-frontend\\backend\\vendor\\laravel\\framework\\src\\Illuminate\\Database\\Connectors\\ConnectionFactory.php(50): Illuminate\\Database\\Connectors\\ConnectionFactory->createSingleConnection()
#15 H:\\vehicle-renting-system\\vehicle-renting-system-frontend\\backend\\vendor\\laravel\\framework\\src\\Illuminate\\Database\\DatabaseManager.php(175): Illuminate\\Database\\Connectors\\ConnectionFactory->make()
#16 H:\\vehicle-renting-system\\vehicle-renting-system-frontend\\backend\\vendor\\laravel\\framework\\src\\Illuminate\\Database\\DatabaseManager.php(101): Illuminate\\Database\\DatabaseManager->makeConnection()
#17 H:\\vehicle-renting-system\\vehicle-renting-system-frontend\\backend\\vendor\\laravel\\framework\\src\\Illuminate\\Database\\Migrations\\DatabaseMigrationRepository.php(226): Illuminate\\Database\\DatabaseManager->connection()
#18 H:\\vehicle-renting-system\\vehicle-renting-system-frontend\\backend\\vendor\\laravel\\framework\\src\\Illuminate\\Database\\Migrations\\DatabaseMigrationRepository.php(182): Illuminate\\Database\\Migrations\\DatabaseMigrationRepository->getConnection()
#19 H:\\vehicle-renting-system\\vehicle-renting-system-frontend\\backend\\vendor\\laravel\\framework\\src\\Illuminate\\Database\\Migrations\\Migrator.php(727): Illuminate\\Database\\Migrations\\DatabaseMigrationRepository->repositoryExists()
#20 H:\\vehicle-renting-system\\vehicle-renting-system-frontend\\backend\\vendor\\laravel\\framework\\src\\Illuminate\\Database\\Console\\Migrations\\MigrateCommand.php(140): Illuminate\\Database\\Migrations\\Migrator->repositoryExists()
#21 H:\\vehicle-renting-system\\vehicle-renting-system-frontend\\backend\\vendor\\laravel\\framework\\src\\Illuminate\\Support\\helpers.php(261): Illuminate\\Database\\Console\\Migrations\\MigrateCommand->Illuminate\\Database\\Console\\Migrations\\{closure}()
#22 H:\\vehicle-renting-system\\vehicle-renting-system-frontend\\backend\\vendor\\laravel\\framework\\src\\Illuminate\\Database\\Console\\Migrations\\MigrateCommand.php(140): retry()
#23 H:\\vehicle-renting-system\\vehicle-renting-system-frontend\\backend\\vendor\\laravel\\framework\\src\\Illuminate\\Database\\Console\\Migrations\\MigrateCommand.php(116): Illuminate\\Database\\Console\\Migrations\\MigrateCommand->repositoryExists()
#24 H:\\vehicle-renting-system\\vehicle-renting-system-frontend\\backend\\vendor\\laravel\\framework\\src\\Illuminate\\Database\\Console\\Migrations\\MigrateCommand.php(84): Illuminate\\Database\\Console\\Migrations\\MigrateCommand->prepareDatabase()
#25 H:\\vehicle-renting-system\\vehicle-renting-system-frontend\\backend\\vendor\\laravel\\framework\\src\\Illuminate\\Database\\Migrations\\Migrator.php(641): Illuminate\\Database\\Console\\Migrations\\MigrateCommand->Illuminate\\Database\\Console\\Migrations\\{closure}()
#26 H:\\vehicle-renting-system\\vehicle-renting-system-frontend\\backend\\vendor\\laravel\\framework\\src\\Illuminate\\Database\\Console\\Migrations\\MigrateCommand.php(83): Illuminate\\Database\\Migrations\\Migrator->usingConnection()
#27 H:\\vehicle-renting-system\\vehicle-renting-system-frontend\\backend\\vendor\\laravel\\framework\\src\\Illuminate\\Container\\BoundMethod.php(36): Illuminate\\Database\\Console\\Migrations\\MigrateCommand->handle()
#28 H:\\vehicle-renting-system\\vehicle-renting-system-frontend\\backend\\vendor\\laravel\\framework\\src\\Illuminate\\Container\\Util.php(41): Illuminate\\Container\\BoundMethod::Illuminate\\Container\\{closure}()
#29 H:\\vehicle-renting-system\\vehicle-renting-system-frontend\\backend\\vendor\\laravel\\framework\\src\\Illuminate\\Container\\BoundMethod.php(93): Illuminate\\Container\\Util::unwrapIfClosure()
#30 H:\\vehicle-renting-system\\vehicle-renting-system-frontend\\backend\\vendor\\laravel\\framework\\src\\Illuminate\\Container\\BoundMethod.php(35): Illuminate\\Container\\BoundMethod::callBoundMethod()
#31 H:\\vehicle-renting-system\\vehicle-renting-system-frontend\\backend\\vendor\\laravel\\framework\\src\\Illuminate\\Container\\Container.php(662): Illuminate\\Container\\BoundMethod::call()
#32 H:\\vehicle-renting-system\\vehicle-renting-system-frontend\\backend\\vendor\\laravel\\framework\\src\\Illuminate\\Console\\Command.php(211): Illuminate\\Container\\Container->call()
#33 H:\\vehicle-renting-system\\vehicle-renting-system-frontend\\backend\\vendor\\symfony\\console\\Command\\Command.php(326): Illuminate\\Console\\Command->execute()
#34 H:\\vehicle-renting-system\\vehicle-renting-system-frontend\\backend\\vendor\\laravel\\framework\\src\\Illuminate\\Console\\Command.php(180): Symfony\\Component\\Console\\Command\\Command->run()
#35 H:\\vehicle-renting-system\\vehicle-renting-system-frontend\\backend\\vendor\\symfony\\console\\Application.php(1096): Illuminate\\Console\\Command->run()
#36 H:\\vehicle-renting-system\\vehicle-renting-system-frontend\\backend\\vendor\\symfony\\console\\Application.php(324): Symfony\\Component\\Console\\Application->doRunCommand()
#37 H:\\vehicle-renting-system\\vehicle-renting-system-frontend\\backend\\vendor\\symfony\\console\\Application.php(175): Symfony\\Component\\Console\\Application->doRun()
#38 H:\\vehicle-renting-system\\vehicle-renting-system-frontend\\backend\\vendor\\laravel\\framework\\src\\Illuminate\\Foundation\\Console\\Kernel.php(201): Symfony\\Component\\Console\\Application->run()
#39 H:\\vehicle-renting-system\\vehicle-renting-system-frontend\\backend\\artisan(35): Illuminate\\Foundation\\Console\\Kernel->handle()
#40 {main}
"} 
[2025-08-23 14:22:06] laravel.EMERGENCY: Unable to create configured logger. Using emergency logger. {"exception":"[object] (InvalidArgumentException(code: 0): Log [] is not defined. at H:\\vehicle-renting-system\\vehicle-renting-system-frontend\\backend\\vendor\\laravel\\framework\\src\\Illuminate\\Log\\LogManager.php:212)
[stacktrace]
#0 H:\\vehicle-renting-system\\vehicle-renting-system-frontend\\backend\\vendor\\laravel\\framework\\src\\Illuminate\\Log\\LogManager.php(137): Illuminate\\Log\\LogManager->resolve()
#1 H:\\vehicle-renting-system\\vehicle-renting-system-frontend\\backend\\vendor\\laravel\\framework\\src\\Illuminate\\Log\\LogManager.php(124): Illuminate\\Log\\LogManager->get()
#2 H:\\vehicle-renting-system\\vehicle-renting-system-frontend\\backend\\vendor\\laravel\\framework\\src\\Illuminate\\Log\\LogManager.php(681): Illuminate\\Log\\LogManager->driver()
#3 H:\\vehicle-renting-system\\vehicle-renting-system-frontend\\backend\\vendor\\laravel\\framework\\src\\Illuminate\\Foundation\\Exceptions\\Handler.php(317): Illuminate\\Log\\LogManager->error()
#4 H:\\vehicle-renting-system\\vehicle-renting-system-frontend\\backend\\vendor\\laravel\\framework\\src\\Illuminate\\Foundation\\Exceptions\\Handler.php(278): Illuminate\\Foundation\\Exceptions\\Handler->reportThrowable()
#5 H:\\vehicle-renting-system\\vehicle-renting-system-frontend\\backend\\vendor\\laravel\\framework\\src\\Illuminate\\Foundation\\Console\\Kernel.php(523): Illuminate\\Foundation\\Exceptions\\Handler->report()
#6 H:\\vehicle-renting-system\\vehicle-renting-system-frontend\\backend\\vendor\\laravel\\framework\\src\\Illuminate\\Foundation\\Console\\Kernel.php(203): Illuminate\\Foundation\\Console\\Kernel->reportException()
#7 H:\\vehicle-renting-system\\vehicle-renting-system-frontend\\backend\\artisan(35): Illuminate\\Foundation\\Console\\Kernel->handle()
#8 {main}
"} 
[2025-08-23 14:22:06] laravel.ERROR: PHP Parse error: Syntax error, unexpected T_NS_SEPARATOR, expecting ')' on line 1 {"exception":"[object] (Psy\\Exception\\ParseErrorException(code: 0): PHP Parse error: Syntax error, unexpected T_NS_SEPARATOR, expecting ')' on line 1 at H:\\vehicle-renting-system\\vehicle-renting-system-frontend\\backend\\vendor\\psy\\psysh\\src\\Exception\\ParseErrorException.php:44)
[stacktrace]
#0 H:\\vehicle-renting-system\\vehicle-renting-system-frontend\\backend\\vendor\\psy\\psysh\\src\\CodeCleaner.php(306): Psy\\Exception\\ParseErrorException::fromParseError()
#1 H:\\vehicle-renting-system\\vehicle-renting-system-frontend\\backend\\vendor\\psy\\psysh\\src\\CodeCleaner.php(240): Psy\\CodeCleaner->parse()
#2 H:\\vehicle-renting-system\\vehicle-renting-system-frontend\\backend\\vendor\\psy\\psysh\\src\\Shell.php(852): Psy\\CodeCleaner->clean()
#3 H:\\vehicle-renting-system\\vehicle-renting-system-frontend\\backend\\vendor\\psy\\psysh\\src\\Shell.php(881): Psy\\Shell->addCode()
#4 H:\\vehicle-renting-system\\vehicle-renting-system-frontend\\backend\\vendor\\psy\\psysh\\src\\Shell.php(1390): Psy\\Shell->setCode()
#5 H:\\vehicle-renting-system\\vehicle-renting-system-frontend\\backend\\vendor\\laravel\\tinker\\src\\Console\\TinkerCommand.php(76): Psy\\Shell->execute()
#6 H:\\vehicle-renting-system\\vehicle-renting-system-frontend\\backend\\vendor\\laravel\\framework\\src\\Illuminate\\Container\\BoundMethod.php(36): Laravel\\Tinker\\Console\\TinkerCommand->handle()
#7 H:\\vehicle-renting-system\\vehicle-renting-system-frontend\\backend\\vendor\\laravel\\framework\\src\\Illuminate\\Container\\Util.php(41): Illuminate\\Container\\BoundMethod::Illuminate\\Container\\{closure}()
#8 H:\\vehicle-renting-system\\vehicle-renting-system-frontend\\backend\\vendor\\laravel\\framework\\src\\Illuminate\\Container\\BoundMethod.php(93): Illuminate\\Container\\Util::unwrapIfClosure()
#9 H:\\vehicle-renting-system\\vehicle-renting-system-frontend\\backend\\vendor\\laravel\\framework\\src\\Illuminate\\Container\\BoundMethod.php(35): Illuminate\\Container\\BoundMethod::callBoundMethod()
#10 H:\\vehicle-renting-system\\vehicle-renting-system-frontend\\backend\\vendor\\laravel\\framework\\src\\Illuminate\\Container\\Container.php(662): Illuminate\\Container\\BoundMethod::call()
#11 H:\\vehicle-renting-system\\vehicle-renting-system-frontend\\backend\\vendor\\laravel\\framework\\src\\Illuminate\\Console\\Command.php(211): Illuminate\\Container\\Container->call()
#12 H:\\vehicle-renting-system\\vehicle-renting-system-frontend\\backend\\vendor\\symfony\\console\\Command\\Command.php(326): Illuminate\\Console\\Command->execute()
#13 H:\\vehicle-renting-system\\vehicle-renting-system-frontend\\backend\\vendor\\laravel\\framework\\src\\Illuminate\\Console\\Command.php(180): Symfony\\Component\\Console\\Command\\Command->run()
#14 H:\\vehicle-renting-system\\vehicle-renting-system-frontend\\backend\\vendor\\symfony\\console\\Application.php(1096): Illuminate\\Console\\Command->run()
#15 H:\\vehicle-renting-system\\vehicle-renting-system-frontend\\backend\\vendor\\symfony\\console\\Application.php(324): Symfony\\Component\\Console\\Application->doRunCommand()
#16 H:\\vehicle-renting-system\\vehicle-renting-system-frontend\\backend\\vendor\\symfony\\console\\Application.php(175): Symfony\\Component\\Console\\Application->doRun()
#17 H:\\vehicle-renting-system\\vehicle-renting-system-frontend\\backend\\vendor\\laravel\\framework\\src\\Illuminate\\Foundation\\Console\\Kernel.php(201): Symfony\\Component\\Console\\Application->run()
#18 H:\\vehicle-renting-system\\vehicle-renting-system-frontend\\backend\\artisan(35): Illuminate\\Foundation\\Console\\Kernel->handle()
#19 {main}
"} 
[2025-08-23 14:46:06] laravel.EMERGENCY: Unable to create configured logger. Using emergency logger. {"exception":"[object] (InvalidArgumentException(code: 0): Log [] is not defined. at H:\\vehicle-renting-system\\vehicle-renting-system-frontend\\backend\\vendor\\laravel\\framework\\src\\Illuminate\\Log\\LogManager.php:212)
[stacktrace]
#0 H:\\vehicle-renting-system\\vehicle-renting-system-frontend\\backend\\vendor\\laravel\\framework\\src\\Illuminate\\Log\\LogManager.php(137): Illuminate\\Log\\LogManager->resolve()
#1 H:\\vehicle-renting-system\\vehicle-renting-system-frontend\\backend\\vendor\\laravel\\framework\\src\\Illuminate\\Log\\LogManager.php(124): Illuminate\\Log\\LogManager->get()
#2 H:\\vehicle-renting-system\\vehicle-renting-system-frontend\\backend\\vendor\\laravel\\framework\\src\\Illuminate\\Log\\LogManager.php(681): Illuminate\\Log\\LogManager->driver()
#3 H:\\vehicle-renting-system\\vehicle-renting-system-frontend\\backend\\vendor\\laravel\\framework\\src\\Illuminate\\Foundation\\Exceptions\\Handler.php(317): Illuminate\\Log\\LogManager->error()
#4 H:\\vehicle-renting-system\\vehicle-renting-system-frontend\\backend\\vendor\\laravel\\framework\\src\\Illuminate\\Foundation\\Exceptions\\Handler.php(278): Illuminate\\Foundation\\Exceptions\\Handler->reportThrowable()
#5 H:\\vehicle-renting-system\\vehicle-renting-system-frontend\\backend\\vendor\\laravel\\framework\\src\\Illuminate\\Foundation\\Console\\Kernel.php(523): Illuminate\\Foundation\\Exceptions\\Handler->report()
#6 H:\\vehicle-renting-system\\vehicle-renting-system-frontend\\backend\\vendor\\laravel\\framework\\src\\Illuminate\\Foundation\\Console\\Kernel.php(203): Illuminate\\Foundation\\Console\\Kernel->reportException()
#7 H:\\vehicle-renting-system\\vehicle-renting-system-frontend\\backend\\artisan(35): Illuminate\\Foundation\\Console\\Kernel->handle()
#8 {main}
"} 
[2025-08-23 14:46:06] laravel.ERROR: PHP Parse error: Syntax error, unexpected T_NS_SEPARATOR, expecting ')' on line 1 {"exception":"[object] (Psy\\Exception\\ParseErrorException(code: 0): PHP Parse error: Syntax error, unexpected T_NS_SEPARATOR, expecting ')' on line 1 at H:\\vehicle-renting-system\\vehicle-renting-system-frontend\\backend\\vendor\\psy\\psysh\\src\\Exception\\ParseErrorException.php:44)
[stacktrace]
#0 H:\\vehicle-renting-system\\vehicle-renting-system-frontend\\backend\\vendor\\psy\\psysh\\src\\CodeCleaner.php(306): Psy\\Exception\\ParseErrorException::fromParseError()
#1 H:\\vehicle-renting-system\\vehicle-renting-system-frontend\\backend\\vendor\\psy\\psysh\\src\\CodeCleaner.php(240): Psy\\CodeCleaner->parse()
#2 H:\\vehicle-renting-system\\vehicle-renting-system-frontend\\backend\\vendor\\psy\\psysh\\src\\Shell.php(852): Psy\\CodeCleaner->clean()
#3 H:\\vehicle-renting-system\\vehicle-renting-system-frontend\\backend\\vendor\\psy\\psysh\\src\\Shell.php(881): Psy\\Shell->addCode()
#4 H:\\vehicle-renting-system\\vehicle-renting-system-frontend\\backend\\vendor\\psy\\psysh\\src\\Shell.php(1390): Psy\\Shell->setCode()
#5 H:\\vehicle-renting-system\\vehicle-renting-system-frontend\\backend\\vendor\\laravel\\tinker\\src\\Console\\TinkerCommand.php(76): Psy\\Shell->execute()
#6 H:\\vehicle-renting-system\\vehicle-renting-system-frontend\\backend\\vendor\\laravel\\framework\\src\\Illuminate\\Container\\BoundMethod.php(36): Laravel\\Tinker\\Console\\TinkerCommand->handle()
#7 H:\\vehicle-renting-system\\vehicle-renting-system-frontend\\backend\\vendor\\laravel\\framework\\src\\Illuminate\\Container\\Util.php(41): Illuminate\\Container\\BoundMethod::Illuminate\\Container\\{closure}()
#8 H:\\vehicle-renting-system\\vehicle-renting-system-frontend\\backend\\vendor\\laravel\\framework\\src\\Illuminate\\Container\\BoundMethod.php(93): Illuminate\\Container\\Util::unwrapIfClosure()
#9 H:\\vehicle-renting-system\\vehicle-renting-system-frontend\\backend\\vendor\\laravel\\framework\\src\\Illuminate\\Container\\BoundMethod.php(35): Illuminate\\Container\\BoundMethod::callBoundMethod()
#10 H:\\vehicle-renting-system\\vehicle-renting-system-frontend\\backend\\vendor\\laravel\\framework\\src\\Illuminate\\Container\\Container.php(662): Illuminate\\Container\\BoundMethod::call()
#11 H:\\vehicle-renting-system\\vehicle-renting-system-frontend\\backend\\vendor\\laravel\\framework\\src\\Illuminate\\Console\\Command.php(211): Illuminate\\Container\\Container->call()
#12 H:\\vehicle-renting-system\\vehicle-renting-system-frontend\\backend\\vendor\\symfony\\console\\Command\\Command.php(326): Illuminate\\Console\\Command->execute()
#13 H:\\vehicle-renting-system\\vehicle-renting-system-frontend\\backend\\vendor\\laravel\\framework\\src\\Illuminate\\Console\\Command.php(180): Symfony\\Component\\Console\\Command\\Command->run()
#14 H:\\vehicle-renting-system\\vehicle-renting-system-frontend\\backend\\vendor\\symfony\\console\\Application.php(1096): Illuminate\\Console\\Command->run()
#15 H:\\vehicle-renting-system\\vehicle-renting-system-frontend\\backend\\vendor\\symfony\\console\\Application.php(324): Symfony\\Component\\Console\\Application->doRunCommand()
#16 H:\\vehicle-renting-system\\vehicle-renting-system-frontend\\backend\\vendor\\symfony\\console\\Application.php(175): Symfony\\Component\\Console\\Application->doRun()
#17 H:\\vehicle-renting-system\\vehicle-renting-system-frontend\\backend\\vendor\\laravel\\framework\\src\\Illuminate\\Foundation\\Console\\Kernel.php(201): Symfony\\Component\\Console\\Application->run()
#18 H:\\vehicle-renting-system\\vehicle-renting-system-frontend\\backend\\artisan(35): Illuminate\\Foundation\\Console\\Kernel->handle()
#19 {main}
"} 
